<?xml version="1.0" encoding="UTF-8"?>
<!-- Generated by org.testng.reporters.JUnitReportReporter -->
<testsuite hostname="Aashiq" failures="0" tests="1" name="demo.GridDemo" time="0.234" errors="0" timestamp="17 Jul 2023 04:15:48 GMT" skipped="0">
  <testcase classname="demo.GridDemo" name="titleVerification" time="0.234"/>
</testsuite> <!-- demo.GridDemo -->
