<?xml version="1.0" encoding="UTF-8"?>
<!-- Generated by org.testng.reporters.JUnitReportReporter -->
<testsuite hostname="Aashiq" failures="0" tests="5" name="demo.GroupingDemo" time="0.008" errors="0" timestamp="14 Jul 2023 04:32:20 GMT" skipped="0">
  <testcase classname="demo.GroupingDemo" name="Car2" time="0.001"/>
  <testcase classname="demo.GroupingDemo" name="Car3" time="0.002"/>
  <testcase classname="demo.GroupingDemo" name="Car4" time="0.001"/>
  <testcase classname="demo.GroupingDemo" name="Car1" time="0.002"/>
  <testcase classname="demo.GroupingDemo" name="Car5" time="0.002"/>
</testsuite> <!-- demo.GroupingDemo -->
