<?xml version="1.0" encoding="UTF-8"?>
<!-- Generated by org.testng.reporters.JUnitReportReporter -->
<testsuite hostname="Aashiq" failures="0" tests="1" name="demo.VerifyTitle" time="0.049" errors="0" timestamp="14 Jul 2023 04:32:20 GMT" skipped="0">
  <testcase classname="demo.VerifyTitle" name="titleVerification" time="0.049"/>
</testsuite> <!-- demo.VerifyTitle -->
