<?xml version="1.0" encoding="UTF-8"?>
<!-- Generated by org.testng.reporters.JUnitReportReporter -->
<testsuite hostname="Aashiq" failures="0" tests="2" name="utils.TestRunner" time="0.555" errors="2" timestamp="2023-07-27T11:36:47 IST" skipped="0">
  <testcase classname="utils.TestRunner" name="runScenario" time="0.489">
    <error message="Cannot invoke &quot;in.amazon.pages.LandingPage.clickMobiles()&quot; because &quot;in.amazon.teststeps.BuyMobilePhoneSteps.landingPage&quot; is null" type="java.lang.NullPointerException">
      <![CDATA[java.lang.NullPointerException: Cannot invoke "in.amazon.pages.LandingPage.clickMobiles()" because "in.amazon.teststeps.BuyMobilePhoneSteps.landingPage" is null
at in.amazon.teststeps.BuyMobilePhoneSteps.he_clicks_on_mobiles_in_the_navigation_bar(BuyMobilePhoneSteps.java:21)
at ✽.he clicks on Mobiles in the navigation bar(file:///C:/Users/123/eclipse-workspace/AmazonWithCucumber/Features/buy_mobile_phone.feature:5)
]]>
    </error>
  </testcase> <!-- runScenario -->
  <system-out/>
  <testcase classname="utils.TestRunner" name="runScenario" time="0.066">
    <error message="Cannot invoke &quot;in.amazon.pages.LandingPage.hoverOverHelloSignInMenu()&quot; because &quot;in.amazon.teststeps.VerifyErrorMessageSteps.landingPage&quot; is null" type="java.lang.NullPointerException">
      <![CDATA[java.lang.NullPointerException: Cannot invoke "in.amazon.pages.LandingPage.hoverOverHelloSignInMenu()" because "in.amazon.teststeps.VerifyErrorMessageSteps.landingPage" is null
at in.amazon.teststeps.VerifyErrorMessageSteps.he_hovers_the_pointer_over_hello_sign_in_menu(VerifyErrorMessageSteps.java:19)
at ✽.he hovers the pointer over Hello Sign-in menu(file:///C:/Users/123/eclipse-workspace/AmazonWithCucumber/Features/verify_error_message.feature:5)
]]>
    </error>
  </testcase> <!-- runScenario -->
  <system-out/>
</testsuite> <!-- utils.TestRunner -->
