<?xml version="1.0" encoding="UTF-8"?>
<!-- Generated by org.testng.reporters.JUnitReportReporter -->
<testsuite hostname="Aashiq" failures="0" tests="1" name="in.amazon.teststeps.TestRunner" time="174.399" errors="0" timestamp="2023-07-31T12:40:08 IST" skipped="0">
  <testcase classname="in.amazon.teststeps.TestRunner" name="runScenario" time="174.399"/>
  <system-out/>
</testsuite> <!-- in.amazon.teststeps.TestRunner -->
