<?xml version="1.0" encoding="UTF-8"?>
<!-- Generated by org.testng.reporters.JUnitReportReporter -->
<testsuite hostname="Aashiq" failures="0" tests="1" name="in.amazon.testscripts.AutoCompleteBoxTest" time="18.022" errors="0" timestamp="2023-07-31T11:02:51 IST" skipped="0">
  <testcase classname="in.amazon.testscripts.AutoCompleteBoxTest" name="selectItem" time="18.022"/>
</testsuite> <!-- in.amazon.testscripts.AutoCompleteBoxTest -->
