<?xml version="1.0" encoding="UTF-8"?>
<!-- Generated by org.testng.reporters.JUnitReportReporter -->
<testsuite hostname="Aashiq" failures="0" tests="1" name="in.amazon.testscripts.VerifyErrorMessageTest" time="5.240" errors="0" timestamp="2023-07-27T10:19:40 IST" skipped="0">
  <testcase classname="in.amazon.testscripts.VerifyErrorMessageTest" name="verifyErrorMsg" time="5.240"/>
</testsuite> <!-- in.amazon.testscripts.VerifyErrorMessageTest -->
