<?xml version="1.0" encoding="UTF-8"?>
<!-- Generated by org.testng.reporters.JUnitReportReporter -->
<testsuite hostname="Aashiq" failures="0" tests="1" name="in.Amazon.RestAssuredDemo.GETDemoBearerToken" time="4.823" errors="0" timestamp="2023-08-22T21:10:36 IST" skipped="0">
  <testcase classname="in.Amazon.RestAssuredDemo.GETDemoBearerToken" name="verifyResource" time="4.823"/>
  <system-out/>
</testsuite> <!-- in.Amazon.RestAssuredDemo.GETDemoBearerToken -->
