<?xml version="1.0" encoding="UTF-8"?>
<!-- Generated by org.testng.reporters.JUnitReportReporter -->
<testsuite hostname="Aashiq" failures="0" tests="1" name="in.Amazon.RestAssuredDemo.PUTDemo" time="6.728" errors="0" timestamp="2023-08-22T20:34:16 IST" skipped="0">
  <testcase classname="in.Amazon.RestAssuredDemo.PUTDemo" name="updateResourse" time="6.728"/>
  <system-out/>
</testsuite> <!-- in.Amazon.RestAssuredDemo.PUTDemo -->
