<?xml version="1.0" encoding="UTF-8"?>
<!-- Generated by org.testng.reporters.JUnitReportReporter -->
<testsuite hostname="Aashiq" failures="0" tests="1" name="in.Amazon.RestAssuredDemo.APIKeyDemo" time="5.229" errors="0" timestamp="2023-08-22T20:55:26 IST" skipped="0">
  <testcase classname="in.Amazon.RestAssuredDemo.APIKeyDemo" name="getWeatherInfo" time="5.229"/>
  <system-out/>
</testsuite> <!-- in.Amazon.RestAssuredDemo.APIKeyDemo -->
