<?xml version="1.0" encoding="UTF-8"?>
<!-- Generated by org.testng.reporters.JUnitReportReporter -->
<testsuite hostname="Aashiq" failures="0" tests="1" name="in.Amazon.RestAssuredDemo.DELETEDemo" time="4.818" errors="0" timestamp="2023-08-22T20:36:59 IST" skipped="0">
  <testcase classname="in.Amazon.RestAssuredDemo.DELETEDemo" name="deleteResourse" time="4.818"/>
  <system-out/>
</testsuite> <!-- in.Amazon.RestAssuredDemo.DELETEDemo -->
