<?xml version="1.0" encoding="UTF-8"?>
<!-- Generated by org.testng.reporters.JUnitReportReporter -->
<testsuite hostname="Aashiq" failures="0" tests="1" name="in.Amazon.RestAssuredDemo.SOAPDemo" time="5.622" errors="0" timestamp="2023-08-22T20:47:42 IST" skipped="0">
  <testcase classname="in.Amazon.RestAssuredDemo.SOAPDemo" name="getCapital" time="5.622"/>
  <system-out/>
</testsuite> <!-- in.Amazon.RestAssuredDemo.SOAPDemo -->
