<?xml version="1.0" encoding="UTF-8"?>
<!-- Generated by org.testng.reporters.JUnitReportReporter -->
<testsuite hostname="Aashiq" failures="0" tests="1" name="in.Amazon.RestAssuredDemo.BearerTokenDemo" time="5.580" errors="0" timestamp="2023-08-22T21:09:05 IST" skipped="0">
  <testcase classname="in.Amazon.RestAssuredDemo.BearerTokenDemo" name="createResource" time="5.580"/>
  <system-out/>
</testsuite> <!-- in.Amazon.RestAssuredDemo.BearerTokenDemo -->
