<?xml version="1.0" encoding="UTF-8"?>
<!-- Generated by org.testng.reporters.JUnitReportReporter -->
<testsuite hostname="Aashiq" failures="0" tests="1" name="in.Amazon.RestAssuredDemo.PUTDemoBearerToken" time="5.848" errors="0" timestamp="2023-08-22T21:14:24 IST" skipped="0">
  <testcase classname="in.Amazon.RestAssuredDemo.PUTDemoBearerToken" name="updateResource" time="5.848"/>
  <system-out/>
</testsuite> <!-- in.Amazon.RestAssuredDemo.PUTDemoBearerToken -->
