<?xml version="1.0" encoding="UTF-8"?>
<!-- Generated by org.testng.reporters.JUnitReportReporter -->
<testsuite hostname="Aashiq" failures="0" tests="1" name="in.Amazon.RestAssuredDemo.VerifyCurrencyName" time="7.976" errors="0" timestamp="2023-08-22T21:36:52 IST" skipped="0">
  <testcase classname="in.Amazon.RestAssuredDemo.VerifyCurrencyName" name="verifyCurrencyName" time="7.976"/>
  <system-out/>
</testsuite> <!-- in.Amazon.RestAssuredDemo.VerifyCurrencyName -->
