<?xml version="1.0" encoding="UTF-8"?>
<!-- Generated by org.testng.reporters.JUnitReportReporter -->
<testsuite hostname="Aashiq" failures="0" tests="1" name="in.Amazon.RestAssuredDemo.GetDemo" time="7.141" errors="0" timestamp="2023-08-22T20:31:41 IST" skipped="0">
  <testcase classname="in.Amazon.RestAssuredDemo.GetDemo" name="getServerResponse" time="7.141"/>
  <system-out/>
</testsuite> <!-- in.Amazon.RestAssuredDemo.GetDemo -->
