<?xml version="1.0" encoding="UTF-8"?>
<!-- Generated by org.testng.reporters.JUnitReportReporter -->
<testsuite hostname="Aashiq" failures="0" tests="5" name="in.Amazon.RestAssuredDemo.Create_Update_Delete_Resource" time="4.332" errors="0" timestamp="2023-08-22T23:42:23 IST" skipped="0">
  <testcase classname="in.Amazon.RestAssuredDemo.Create_Update_Delete_Resource" name="createPayload" time="0.423"/>
  <system-out/>
  <testcase classname="in.Amazon.RestAssuredDemo.Create_Update_Delete_Resource" name="createResource" time="2.734"/>
  <system-out/>
  <testcase classname="in.Amazon.RestAssuredDemo.Create_Update_Delete_Resource" name="verifyResource" time="0.384"/>
  <system-out/>
  <testcase classname="in.Amazon.RestAssuredDemo.Create_Update_Delete_Resource" name="updateResource" time="0.534"/>
  <system-out/>
  <testcase classname="in.Amazon.RestAssuredDemo.Create_Update_Delete_Resource" name="deleteResource" time="0.257"/>
  <system-out/>
</testsuite> <!-- in.Amazon.RestAssuredDemo.Create_Update_Delete_Resource -->
