<?xml version="1.0" encoding="UTF-8"?>
<!-- Generated by org.testng.reporters.JUnitReportReporter -->
<testsuite hostname="Aashiq" failures="0" tests="1" name="in.Amazon.RestAssuredDemo.POSTDemo" time="5.679" errors="0" timestamp="2023-08-22T20:33:36 IST" skipped="0">
  <testcase classname="in.Amazon.RestAssuredDemo.POSTDemo" name="createResource" time="5.679"/>
  <system-out/>
</testsuite> <!-- in.Amazon.RestAssuredDemo.POSTDemo -->
